1568209789975	mozrunner::runner	INFO	Running command: "D:\\Mozilla Firefox\\firefox.exe" "-marionette" "-foreground" "-no-remote" "-profile" "C:\\Users\\gwq\\AppData\\Local\\Temp\\rust_mozprofileRBFo19"
1568209825241	mozrunner::runner	INFO	Running command: "D:\\Mozilla Firefox\\firefox.exe" "-marionette" "-foreground" "-no-remote" "-profile" "C:\\Users\\gwq\\AppData\\Local\\Temp\\rust_mozprofileV9mBt8"
1568209832002	addons.webextension.screenshots@mozilla.org	WARN	Loading extension 'screenshots@mozilla.org': Reading manifest: Invalid extension permission: mozillaAddons
1568209832002	addons.webextension.screenshots@mozilla.org	WARN	Loading extension 'screenshots@mozilla.org': Reading manifest: Invalid extension permission: telemetry
1568209832037	addons.webextension.screenshots@mozilla.org	WARN	Loading extension 'screenshots@mozilla.org': Reading manifest: Invalid extension permission: resource://pdf.js/
1568209832037	addons.webextension.screenshots@mozilla.org	WARN	Loading extension 'screenshots@mozilla.org': Reading manifest: Invalid extension permission: about:reader*
1568209858646	mozrunner::runner	INFO	Running command: "D:\\Mozilla Firefox\\firefox.exe" "-marionette" "-foreground" "-no-remote" "-profile" "C:\\Users\\gwq\\AppData\\Local\\Temp\\rust_mozprofilewZUB6Q"
1568209859606	addons.webextension.screenshots@mozilla.org	WARN	Loading extension 'screenshots@mozilla.org': Reading manifest: Invalid extension permission: mozillaAddons
1568209859606	addons.webextension.screenshots@mozilla.org	WARN	Loading extension 'screenshots@mozilla.org': Reading manifest: Invalid extension permission: telemetry
1568209859606	addons.webextension.screenshots@mozilla.org	WARN	Loading extension 'screenshots@mozilla.org': Reading manifest: Invalid extension permission: resource://pdf.js/
1568209859607	addons.webextension.screenshots@mozilla.org	WARN	Loading extension 'screenshots@mozilla.org': Reading manifest: Invalid extension permission: about:reader*
1568209899679	mozrunner::runner	INFO	Running command: "D:\\Mozilla Firefox\\firefox.exe" "-marionette" "-foreground" "-no-remote" "-profile" "C:\\Users\\gwq\\AppData\\Local\\Temp\\rust_mozprofileWddSoY"
1568209900847	addons.webextension.screenshots@mozilla.org	WARN	Loading extension 'screenshots@mozilla.org': Reading manifest: Invalid extension permission: mozillaAddons
1568209900848	addons.webextension.screenshots@mozilla.org	WARN	Loading extension 'screenshots@mozilla.org': Reading manifest: Invalid extension permission: telemetry
1568209900848	addons.webextension.screenshots@mozilla.org	WARN	Loading extension 'screenshots@mozilla.org': Reading manifest: Invalid extension permission: resource://pdf.js/
1568209900848	addons.webextension.screenshots@mozilla.org	WARN	Loading extension 'screenshots@mozilla.org': Reading manifest: Invalid extension permission: about:reader*
JavaScript error: resource://gre/modules/XULStore.jsm, line 66: Error: Can't find profile directory.
1568209953354	mozrunner::runner	INFO	Running command: "D:\\Mozilla Firefox\\firefox.exe" "-marionette" "-foreground" "-no-remote" "-profile" "C:\\Users\\gwq\\AppData\\Local\\Temp\\rust_mozprofileEDyyzd"
1568209955221	addons.webextension.screenshots@mozilla.org	WARN	Loading extension 'screenshots@mozilla.org': Reading manifest: Invalid extension permission: mozillaAddons
1568209955221	addons.webextension.screenshots@mozilla.org	WARN	Loading extension 'screenshots@mozilla.org': Reading manifest: Invalid extension permission: telemetry
1568209955222	addons.webextension.screenshots@mozilla.org	WARN	Loading extension 'screenshots@mozilla.org': Reading manifest: Invalid extension permission: resource://pdf.js/
1568209955222	addons.webextension.screenshots@mozilla.org	WARN	Loading extension 'screenshots@mozilla.org': Reading manifest: Invalid extension permission: about:reader*
JavaScript error: resource://gre/modules/XULStore.jsm, line 66: Error: Can't find profile directory.
1568209970181	mozrunner::runner	INFO	Running command: "D:\\Mozilla Firefox\\firefox.exe" "-marionette" "-foreground" "-no-remote" "-profile" "C:\\Users\\gwq\\AppData\\Local\\Temp\\rust_mozprofileVfB5jM"
1568209971689	addons.webextension.screenshots@mozilla.org	WARN	Loading extension 'screenshots@mozilla.org': Reading manifest: Invalid extension permission: mozillaAddons
1568209971690	addons.webextension.screenshots@mozilla.org	WARN	Loading extension 'screenshots@mozilla.org': Reading manifest: Invalid extension permission: telemetry
1568209971690	addons.webextension.screenshots@mozilla.org	WARN	Loading extension 'screenshots@mozilla.org': Reading manifest: Invalid extension permission: resource://pdf.js/
1568209971690	addons.webextension.screenshots@mozilla.org	WARN	Loading extension 'screenshots@mozilla.org': Reading manifest: Invalid extension permission: about:reader*
JavaScript error: resource://gre/modules/XULStore.jsm, line 66: Error: Can't find profile directory.
[Child 15740, Chrome_ChildThread] WARNING: pipe error: 109: file z:/task_1566861941/build/src/ipc/chromium/src/chrome/common/ipc_channel_win.cc, line 341
[C1568210016264	Marionette	INFO	Listening on port 59544
1568210016558	Marionette	WARN	TLS certificate errors will be ignored for this session
JavaScript error: https://ss1.bdstatic.com/5eN1bjq8AAUYm2zgoY3K/r/www/cache/static/protocol/https/plugins/every_cookie_4644b13.js, line 4: ReferenceError: c is not defined
1568210021088	Marionette	INFO	Stopped listening on port 59544
[Child 4992, Chrome_ChildThread] WARNING: pipe error: 109: file z:/task_1566861941/build/src/ipc/chromium/src/chrome/common/ipc_channel_win.cc, line 341
[[Child 16
###!!! [Child][RunMessage] Error: Channel closing: too late to send/recv, messages will be lost

[GPU 10612, Chr
###!!! [Child][MessageChannel::SendAndWait] Error: Channel error: cannot send/recv

1568210074991	mozrunner::runner	INFO	Running command: "D:\\Mozilla Firefox\\firefox.exe" "-marionette" "-foreground" "-no-remote" "-profile" "C:\\Users\\gwq\\AppData\\Local\\Temp\\rust_mozprofileZu03qi"
1568210075966	addons.webextension.screenshots@mozilla.org	WARN	Loading extension 'screenshots@mozilla.org': Reading manifest: Invalid extension permission: mozillaAddons
1568210075966	addons.webextension.screenshots@mozilla.org	WARN	Loading extension 'screenshots@mozilla.org': Reading manifest: Invalid extension permission: telemetry
1568210075966	addons.webextension.screenshots@mozilla.org	WARN	Loading extension 'screenshots@mozilla.org': Reading manifest: Invalid extension permission: resource://pdf.js/
1568210075967	addons.webextension.screenshots@mozilla.org	WARN	Loading extension 'screenshots@mozilla.org': Reading manifest: Invalid extension permission: about:reader*
JavaScript error: resource://gre/modules/XULStore.jsm, line 66: Error: Can't find profile directory.
1568210080726	Marionette	INFO	Listening on port 60264
1568210081061	Marionette	WARN	TLS certificate errors will be ignored for this session
[Child 8424, Chrome_ChildThread] WARNING: pipe error: 109: file z:/task_1566861941/build/src/ipc/chromium/src/chrome/common/ipc_channel_win.cc, line 341
[Child 8424, Chrome_ChildThread] WARNING: pipe error: 109: file z:/task_1566861941/build/src/ipc/chromium/src/chrome/common/ipc_channel_win.cc, line 341
[Parent 19248, Gecko_IOThread] WARNING: pipe error: 109: file z:/task_1566861941/build/src/ipc/chromium/src/chrome/common/ipc_channel_win.cc, line 341
1568210643850	mozrunner::runner	INFO	Running command: "D:\\Mozilla Firefox\\firefox.exe" "-marionette" "-foreground" "-no-remote" "-profile" "C:\\Users\\gwq\\AppData\\Local\\Temp\\rust_mozprofilerIGLOe"
1568210644863	addons.webextension.screenshots@mozilla.org	WARN	Loading extension 'screenshots@mozilla.org': Reading manifest: Invalid extension permission: mozillaAddons
1568210644863	addons.webextension.screenshots@mozilla.org	WARN	Loading extension 'screenshots@mozilla.org': Reading manifest: Invalid extension permission: telemetry
1568210644864	addons.webextension.screenshots@mozilla.org	WARN	Loading extension 'screenshots@mozilla.org': Reading manifest: Invalid extension permission: resource://pdf.js/
1568210644864	addons.webextension.screenshots@mozilla.org	WARN	Loading extension 'screenshots@mozilla.org': Reading manifest: Invalid extension permission: about:reader*
JavaScript error: resource://gre/modules/XULStore.jsm, line 66: Error: Can't find profile directory.
1568210648402	Marionette	INFO	Listening on port 63036
1568210648861	Marionette	WARN	TLS certificate errors will be ignored for this session
[Child 17100, Chrome_ChildThread] WARNING: pipe error: 109: file z:/task_1566861941/build/src/ipc/chromium/src/chrome/common/ipc_channel_win.cc, line 341
[Ch1568210701213	mozrunner::runner	INFO	Running command: "D:\\Mozilla Firefox\\firefox.exe" "-marionette" "-foreground" "-no-remote" "-profile" "C:\\Users\\gwq\\AppData\\Local\\Temp\\rust_mozprofilekKT2Pn"
1568210703260	addons.webextension.screenshots@mozilla.org	WARN	Loading extension 'screenshots@mozilla.org': Reading manifest: Invalid extension permission: mozillaAddons
1568210703260	addons.webextension.screenshots@mozilla.org	WARN	Loading extension 'screenshots@mozilla.org': Reading manifest: Invalid extension permission: telemetry
1568210703260	addons.webextension.screenshots@mozilla.org	WARN	Loading extension 'screenshots@mozilla.org': Reading manifest: Invalid extension permission: resource://pdf.js/
1568210703260	addons.webextension.screenshots@mozilla.org	WARN	Loading extension 'screenshots@mozilla.org': Reading manifest: Invalid extension permission: about:reader*
JavaScript error: resource://gre/modules/XULStore.jsm, line 66: Error: Can't find profile directory.
1568210709302	Marionette	INFO	Listening on port 63323
1568210709351	Marionette	WARN	TLS certificate errors will be ignored for this session
1568210724038	mozrunner::runner	INFO	Running command: "D:\\Mozilla Firefox\\firefox.exe" "-marionette" "-foreground" "-no-remote" "-profile" "C:\\Users\\gwq\\AppData\\Local\\Temp\\rust_mozprofile1MGQjG"
1568210726634	addons.webextension.screenshots@mozilla.org	WARN	Loading extension 'screenshots@mozilla.org': Reading manifest: Invalid extension permission: mozillaAddons
1568210726634	addons.webextension.screenshots@mozilla.org	WARN	Loading extension 'screenshots@mozilla.org': Reading manifest: Invalid extension permission: telemetry
1568210726634	addons.webextension.screenshots@mozilla.org	WARN	Loading extension 'screenshots@mozilla.org': Reading manifest: Invalid extension permission: resource://pdf.js/
1568210726634	addons.webextension.screenshots@mozilla.org	WARN	Loading extension 'screenshots@mozilla.org': Reading manifest: Invalid extension permission: about:reader*
JavaScript error: resource://gre/modules/XULStore.jsm, line 66: Error: Can't find profile directory.
1568210730422	Marionette	INFO	Listening on port 63466
1568210730675	Marionette	WARN	TLS certificate errors will be ignored for this session
JavaScript error: https://ss1.bdstatic.com/5eN1bjq8AAUYm2zgoY3K/r/www/cache/static/protocol/https/plugins/every_cookie_4644b13.js, line 4: ReferenceError: c is not defined
1568210731830	Marionette	INFO	Stopped listening on port 63466
[Child 15928, Chrome_ChildThread] WARNING: pipe error: 109: file z:/task_1566861941/build/src/ipc/chromium/src/chrome/common/ipc_channel_win.cc, line 341
[Child 15928, Chrome_ChildThread] WARNING: pip[[Child 7240, Chrome_ChildThread] WARNING: pipe error: 109: file z:/task_1566861941/build/src/ipc/chromium/src/chrome/common/ipc_channel_win.cc, line 341
[Ch
###!!! [Child][RunMessage] Error: Channel closing: too late to send/recv, messages will be lost

[GPU 18672, Chrom
###!!! [Child][MessageChannel::SendAndWait] Error: Channel error: cannot send/recv

1568210811755	mozrunner::runner	INFO	Running command: "D:\\Mozilla Firefox\\firefox.exe" "-marionette" "-foreground" "-no-remote" "-profile" "C:\\Users\\gwq\\AppData\\Local\\Temp\\rust_mozprofile2bQIe8"
1568210813142	addons.webextension.screenshots@mozilla.org	WARN	Loading extension 'screenshots@mozilla.org': Reading manifest: Invalid extension permission: mozillaAddons
1568210813142	addons.webextension.screenshots@mozilla.org	WARN	Loading extension 'screenshots@mozilla.org': Reading manifest: Invalid extension permission: telemetry
1568210813168	addons.webextension.screenshots@mozilla.org	WARN	Loading extension 'screenshots@mozilla.org': Reading manifest: Invalid extension permission: resource://pdf.js/
1568210813168	addons.webextension.screenshots@mozilla.org	WARN	Loading extension 'screenshots@mozilla.org': Reading manifest: Invalid extension permission: about:reader*
JavaScript error: resource://gre/modules/XULStore.jsm, line 66: Error: Can't find profile directory.
1568210818768	Marionette	INFO	Listening on port 63849
1568210819919	Marionette	WARN	TLS certificate errors will be ignored for this session
[Child 7424, Chrome_ChildThread] WARNING: pipe error: 109: file z:/task_1566861941/build/src/ipc/chromium/src/chrome/common/ipc_channel_win.cc, line 341
[Child 7424, Chrome_ChildThread] WARNING: pipe error: 109: file z:/task_156[Child 16380, Chrome_ChildThread] WARNING: pipe error: 109: file z:/task_1566861941/build/src/ipc/chromium/src/chrome/common/ipc_channel_win.cc, line 341
[Chi1568210889365	mozrunner::runner	INFO	Running command: "D:\\Mozilla Firefox\\firefox.exe" "-marionette" "-foreground" "-no-remote" "-profile" "C:\\Users\\gwq\\AppData\\Local\\Temp\\rust_mozprofileghGkcP"
1568210890374	addons.webextension.screenshots@mozilla.org	WARN	Loading extension 'screenshots@mozilla.org': Reading manifest: Invalid extension permission: mozillaAddons
1568210890375	addons.webextension.screenshots@mozilla.org	WARN	Loading extension 'screenshots@mozilla.org': Reading manifest: Invalid extension permission: telemetry
1568210890375	addons.webextension.screenshots@mozilla.org	WARN	Loading extension 'screenshots@mozilla.org': Reading manifest: Invalid extension permission: resource://pdf.js/
1568210890375	addons.webextension.screenshots@mozilla.org	WARN	Loading extension 'screenshots@mozilla.org': Reading manifest: Invalid extension permission: about:reader*
JavaScript error: resource://gre/modules/XULStore.jsm, line 66: Error: Can't find profile directory.
1568210895779	Marionette	INFO	Listening on port 64195
1568210896211	Marionette	WARN	TLS certificate errors will be ignored for this session
[Child 18728, Chrome_ChildThread] WARNING: pipe error: 109: file z:/task_1566861941/build/src/ipc/chromium/src/chrome/common/ipc_channel_win.cc, line 341
[Child 5064, Chrome_ChildThread] WARNING: pipe error: 109: file z:/task_1566861941/build/src/ipc/chromium/src/chrome/common/ipc_channel_win.cc, line 341
[Child 5064, Chrome_ChildThread] WARNING: pipe error: 109: file z:/task_1566861941/build/src/ipc/chromium/src/chrome/common/ipc_channel_win.cc, 